<?xml version="1.0" encoding="UTF-8"?>
<testng-results skipped="5" failed="0" total="5" passed="0">
  <reporter-output>
  </reporter-output>
  <suite name="Surefire suite" duration-ms="8" started-at="2020-05-13T05:05:07Z" finished-at="2020-05-13T05:05:07Z">
    <groups>
    </groups>
    <test name="Surefire test" duration-ms="8" started-at="2020-05-13T05:05:07Z" finished-at="2020-05-13T05:05:07Z">
      <class name="Assignment.com.practice.Assignment">
        <test-method status="FAIL" signature="launchBrowser()[pri:0, instance:Assignment.com.practice.Assignment@5a39699c]" name="launchBrowser" is-config="true" duration-ms="0" started-at="2020-05-13T10:35:04Z" finished-at="2020-05-13T10:35:04Z">
          <exception class="org.openqa.selenium.SessionNotCreatedException">
            <message>
              <![CDATA[session not created: This version of ChromeDriver only supports Chrome version 83
Build info: version: '3.141.59', revision: 'e82be7d358', time: '2018-11-14T08:17:03'
System info: host: 'Mireshs-MacBook-Pro.local', ip: 'fe80:0:0:0:14f1:6c9c:ec3b:e4ea%en0', os.name: 'Mac OS X', os.arch: 'x86_64', os.version: '10.14.5', java.version: '1.8.0_131'
Driver info: driver.version: ChromeDriver
remote stacktrace: 0   chromedriver                        0x000000010b6a51b9 chromedriver + 4805049
1   chromedriver                        0x000000010b640453 chromedriver + 4392019
2   chromedriver                        0x000000010b2cc48d chromedriver + 771213
3   chromedriver                        0x000000010b229849 chromedriver + 104521
4   chromedriver                        0x000000010b225b00 chromedriver + 88832
5   chromedriver                        0x000000010b222e59 chromedriver + 77401
6   chromedriver                        0x000000010b255163 chromedriver + 282979
7   chromedriver                        0x000000010b251f63 chromedriver + 270179
8   chromedriver                        0x000000010b22ba9d chromedriver + 113309
9   chromedriver                        0x000000010b22ca35 chromedriver + 117301
10  chromedriver                        0x000000010b6682bf chromedriver + 4555455
11  chromedriver                        0x000000010b674a9a chromedriver + 4606618
12  chromedriver                        0x000000010b674829 chromedriver + 4605993
13  chromedriver                        0x000000010b64c159 chromedriver + 4440409
14  chromedriver                        0x000000010b675023 chromedriver + 4608035
15  chromedriver                        0x000000010b65dec3 chromedriver + 4513475
16  chromedriver                        0x000000010b68b774 chromedriver + 4700020
17  chromedriver                        0x000000010b6ab277 chromedriver + 4829815
18  libsystem_pthread.dylib             0x00007fff5de502eb _pthread_body + 126
19  libsystem_pthread.dylib             0x00007fff5de53249 _pthread_start + 66
20  libsystem_pthread.dylib             0x00007fff5de4f40d thread_start + 13
]]>
            </message>
            <full-stacktrace>
              <![CDATA[org.openqa.selenium.SessionNotCreatedException: session not created: This version of ChromeDriver only supports Chrome version 83
Build info: version: '3.141.59', revision: 'e82be7d358', time: '2018-11-14T08:17:03'
System info: host: 'Mireshs-MacBook-Pro.local', ip: 'fe80:0:0:0:14f1:6c9c:ec3b:e4ea%en0', os.name: 'Mac OS X', os.arch: 'x86_64', os.version: '10.14.5', java.version: '1.8.0_131'
Driver info: driver.version: ChromeDriver
remote stacktrace: 0   chromedriver                        0x000000010b6a51b9 chromedriver + 4805049
1   chromedriver                        0x000000010b640453 chromedriver + 4392019
2   chromedriver                        0x000000010b2cc48d chromedriver + 771213
3   chromedriver                        0x000000010b229849 chromedriver + 104521
4   chromedriver                        0x000000010b225b00 chromedriver + 88832
5   chromedriver                        0x000000010b222e59 chromedriver + 77401
6   chromedriver                        0x000000010b255163 chromedriver + 282979
7   chromedriver                        0x000000010b251f63 chromedriver + 270179
8   chromedriver                        0x000000010b22ba9d chromedriver + 113309
9   chromedriver                        0x000000010b22ca35 chromedriver + 117301
10  chromedriver                        0x000000010b6682bf chromedriver + 4555455
11  chromedriver                        0x000000010b674a9a chromedriver + 4606618
12  chromedriver                        0x000000010b674829 chromedriver + 4605993
13  chromedriver                        0x000000010b64c159 chromedriver + 4440409
14  chromedriver                        0x000000010b675023 chromedriver + 4608035
15  chromedriver                        0x000000010b65dec3 chromedriver + 4513475
16  chromedriver                        0x000000010b68b774 chromedriver + 4700020
17  chromedriver                        0x000000010b6ab277 chromedriver + 4829815
18  libsystem_pthread.dylib             0x00007fff5de502eb _pthread_body + 126
19  libsystem_pthread.dylib             0x00007fff5de53249 _pthread_start + 66
20  libsystem_pthread.dylib             0x00007fff5de4f40d thread_start + 13

	at sun.reflect.NativeConstructorAccessorImpl.newInstance0(Native Method)
	at sun.reflect.NativeConstructorAccessorImpl.newInstance(NativeConstructorAccessorImpl.java:62)
	at sun.reflect.DelegatingConstructorAccessorImpl.newInstance(DelegatingConstructorAccessorImpl.java:45)
	at java.lang.reflect.Constructor.newInstance(Constructor.java:423)
	at org.openqa.selenium.remote.W3CHandshakeResponse.lambda$errorHandler$0(W3CHandshakeResponse.java:62)
	at org.openqa.selenium.remote.HandshakeResponse.lambda$getResponseFunction$0(HandshakeResponse.java:30)
	at org.openqa.selenium.remote.ProtocolHandshake.lambda$createSession$0(ProtocolHandshake.java:126)
	at java.util.stream.ReferencePipeline$3$1.accept(ReferencePipeline.java:193)
	at java.util.Spliterators$ArraySpliterator.tryAdvance(Spliterators.java:958)
	at java.util.stream.ReferencePipeline.forEachWithCancel(ReferencePipeline.java:126)
	at java.util.stream.AbstractPipeline.copyIntoWithCancel(AbstractPipeline.java:498)
	at java.util.stream.AbstractPipeline.copyInto(AbstractPipeline.java:485)
	at java.util.stream.AbstractPipeline.wrapAndCopyInto(AbstractPipeline.java:471)
	at java.util.stream.FindOps$FindOp.evaluateSequential(FindOps.java:152)
	at java.util.stream.AbstractPipeline.evaluate(AbstractPipeline.java:234)
	at java.util.stream.ReferencePipeline.findFirst(ReferencePipeline.java:464)
	at org.openqa.selenium.remote.ProtocolHandshake.createSession(ProtocolHandshake.java:128)
	at org.openqa.selenium.remote.ProtocolHandshake.createSession(ProtocolHandshake.java:74)
	at org.openqa.selenium.remote.HttpCommandExecutor.execute(HttpCommandExecutor.java:136)
	at org.openqa.selenium.remote.service.DriverCommandExecutor.execute(DriverCommandExecutor.java:83)
	at org.openqa.selenium.remote.RemoteWebDriver.execute(RemoteWebDriver.java:552)
	at org.openqa.selenium.remote.RemoteWebDriver.startSession(RemoteWebDriver.java:213)
	at org.openqa.selenium.remote.RemoteWebDriver.<init>(RemoteWebDriver.java:131)
	at org.openqa.selenium.chrome.ChromeDriver.<init>(ChromeDriver.java:181)
	at org.openqa.selenium.chrome.ChromeDriver.<init>(ChromeDriver.java:168)
	at org.openqa.selenium.chrome.ChromeDriver.<init>(ChromeDriver.java:123)
	at Assignment.com.practice.ReuseableMethods.LaunchChromeBrowser(ReuseableMethods.java:15)
	at Assignment.com.practice.Assignment.launchBrowser(Assignment.java:20)
	at sun.reflect.NativeMethodAccessorImpl.invoke0(Native Method)
	at sun.reflect.NativeMethodAccessorImpl.invoke(NativeMethodAccessorImpl.java:62)
	at sun.reflect.DelegatingMethodAccessorImpl.invoke(DelegatingMethodAccessorImpl.java:43)
	at java.lang.reflect.Method.invoke(Method.java:498)
	at org.testng.internal.MethodInvocationHelper.invokeMethod(MethodInvocationHelper.java:85)
	at org.testng.internal.Invoker.invokeConfigurationMethod(Invoker.java:510)
	at org.testng.internal.Invoker.invokeConfigurations(Invoker.java:211)
	at org.testng.internal.Invoker.invokeConfigurations(Invoker.java:138)
	at org.testng.SuiteRunner.privateRun(SuiteRunner.java:298)
	at org.testng.SuiteRunner.run(SuiteRunner.java:261)
	at org.testng.SuiteRunnerWorker.runSuite(SuiteRunnerWorker.java:52)
	at org.testng.SuiteRunnerWorker.run(SuiteRunnerWorker.java:86)
	at org.testng.TestNG.runSuitesSequentially(TestNG.java:1191)
	at org.testng.TestNG.runSuitesLocally(TestNG.java:1116)
	at org.testng.TestNG.run(TestNG.java:1024)
	at org.apache.maven.surefire.testng.TestNGExecutor.run(TestNGExecutor.java:115)
	at org.apache.maven.surefire.testng.TestNGDirectoryTestSuite.executeSingleClass(TestNGDirectoryTestSuite.java:129)
	at org.apache.maven.surefire.testng.TestNGDirectoryTestSuite.execute(TestNGDirectoryTestSuite.java:113)
	at org.apache.maven.surefire.testng.TestNGProvider.invoke(TestNGProvider.java:111)
	at org.apache.maven.surefire.booter.ForkedBooter.invokeProviderInSameClassLoader(ForkedBooter.java:203)
	at org.apache.maven.surefire.booter.ForkedBooter.runSuitesInProcess(ForkedBooter.java:155)
	at org.apache.maven.surefire.booter.ForkedBooter.main(ForkedBooter.java:103)
]]>
            </full-stacktrace>
          </exception> <!-- org.openqa.selenium.SessionNotCreatedException -->
          <reporter-output>
          </reporter-output>
        </test-method> <!-- launchBrowser -->
        <test-method status="SKIP" signature="navitagetoHomePage()[pri:0, instance:Assignment.com.practice.Assignment@5a39699c]" name="navitagetoHomePage" duration-ms="1" started-at="2020-05-13T10:35:07Z" finished-at="2020-05-13T10:35:07Z">
          <reporter-output>
          </reporter-output>
        </test-method> <!-- navitagetoHomePage -->
        <test-method status="SKIP" signature="tearDown()[pri:0, instance:Assignment.com.practice.Assignment@5a39699c]" name="tearDown" is-config="true" duration-ms="0" started-at="2020-05-13T10:35:07Z" finished-at="2020-05-13T10:35:07Z">
          <reporter-output>
          </reporter-output>
        </test-method> <!-- tearDown -->
        <test-method status="SKIP" signature="createAccount()[pri:1, instance:Assignment.com.practice.Assignment@5a39699c]" name="createAccount" duration-ms="0" started-at="2020-05-13T10:35:07Z" finished-at="2020-05-13T10:35:07Z">
          <reporter-output>
          </reporter-output>
        </test-method> <!-- createAccount -->
        <test-method status="SKIP" signature="tearDown()[pri:0, instance:Assignment.com.practice.Assignment@5a39699c]" name="tearDown" is-config="true" duration-ms="0" started-at="2020-05-13T10:35:07Z" finished-at="2020-05-13T10:35:07Z">
          <reporter-output>
          </reporter-output>
        </test-method> <!-- tearDown -->
        <test-method status="SKIP" signature="selectProductFromWomanSection()[pri:2, instance:Assignment.com.practice.Assignment@5a39699c]" name="selectProductFromWomanSection" duration-ms="0" started-at="2020-05-13T10:35:07Z" finished-at="2020-05-13T10:35:07Z">
          <reporter-output>
          </reporter-output>
        </test-method> <!-- selectProductFromWomanSection -->
        <test-method status="SKIP" signature="tearDown()[pri:0, instance:Assignment.com.practice.Assignment@5a39699c]" name="tearDown" is-config="true" duration-ms="0" started-at="2020-05-13T10:35:07Z" finished-at="2020-05-13T10:35:07Z">
          <reporter-output>
          </reporter-output>
        </test-method> <!-- tearDown -->
        <test-method status="SKIP" signature="amountVerificationInProfilePage()[pri:5, instance:Assignment.com.practice.Assignment@5a39699c]" name="amountVerificationInProfilePage" duration-ms="0" started-at="2020-05-13T10:35:07Z" finished-at="2020-05-13T10:35:07Z">
          <reporter-output>
          </reporter-output>
        </test-method> <!-- amountVerificationInProfilePage -->
        <test-method status="SKIP" signature="tearDown()[pri:0, instance:Assignment.com.practice.Assignment@5a39699c]" name="tearDown" is-config="true" duration-ms="0" started-at="2020-05-13T10:35:07Z" finished-at="2020-05-13T10:35:07Z">
          <reporter-output>
          </reporter-output>
        </test-method> <!-- tearDown -->
        <test-method status="SKIP" signature="tearDown()[pri:0, instance:Assignment.com.practice.Assignment@5a39699c]" name="tearDown" is-config="true" duration-ms="0" started-at="2020-05-13T10:35:07Z" finished-at="2020-05-13T10:35:07Z">
          <reporter-output>
          </reporter-output>
        </test-method> <!-- tearDown -->
        <test-method status="SKIP" signature="checkoutAndVerifyAmount()[pri:4, instance:Assignment.com.practice.Assignment@5a39699c]" name="checkoutAndVerifyAmount" duration-ms="0" started-at="2020-05-13T10:35:07Z" finished-at="2020-05-13T10:35:07Z">
          <reporter-output>
          </reporter-output>
        </test-method> <!-- checkoutAndVerifyAmount -->
        <test-method status="SKIP" signature="tearDown()[pri:0, instance:Assignment.com.practice.Assignment@5a39699c]" name="tearDown" is-config="true" duration-ms="0" started-at="2020-05-13T10:35:07Z" finished-at="2020-05-13T10:35:07Z">
          <reporter-output>
          </reporter-output>
        </test-method> <!-- tearDown -->
      </class> <!-- Assignment.com.practice.Assignment -->
    </test> <!-- Surefire test -->
  </suite> <!-- Surefire suite -->
</testng-results>
